{"/Users/nguyenminhduc/Desktop/react-test/react-boilerplate/app/containers/HomePage/caculator.js": {"path":"/Users/nguyenminhduc/Desktop/react-test/react-boilerplate/app/containers/HomePage/caculator.js","statementMap":{"0":{"start":{"line":8,"column":26},"end":{"line":21,"column":1}},"1":{"start":{"line":9,"column":2},"end":{"line":9,"column":33}},"2":{"start":{"line":9,"column":23},"end":{"line":9,"column":33}},"3":{"start":{"line":11,"column":15},"end":{"line":11,"column":24}},"4":{"start":{"line":13,"column":2},"end":{"line":15,"column":3}},"5":{"start":{"line":13,"column":15},"end":{"line":13,"column":16}},"6":{"start":{"line":13,"column":24},"end":{"line":13,"column":36}},"7":{"start":{"line":14,"column":4},"end":{"line":14,"column":40}},"8":{"start":{"line":18,"column":20},"end":{"line":18,"column":51}},"9":{"start":{"line":20,"column":2},"end":{"line":20,"column":57}},"10":{"start":{"line":20,"column":30},"end":{"line":20,"column":55}},"11":{"start":{"line":25,"column":2},"end":{"line":25,"column":15}},"12":{"start":{"line":33,"column":26},"end":{"line":44,"column":1}},"13":{"start":{"line":34,"column":2},"end":{"line":34,"column":24}},"14":{"start":{"line":34,"column":14},"end":{"line":34,"column":24}},"15":{"start":{"line":36,"column":15},"end":{"line":36,"column":28}},"16":{"start":{"line":38,"column":2},"end":{"line":38,"column":24}},"17":{"start":{"line":40,"column":16},"end":{"line":40,"column":26}},"18":{"start":{"line":41,"column":17},"end":{"line":41,"column":27}},"19":{"start":{"line":43,"column":2},"end":{"line":43,"column":24}}},"fnMap":{"0":{"name":"(anonymous_0)","decl":{"start":{"line":8,"column":26},"end":{"line":8,"column":27}},"loc":{"start":{"line":8,"column":35},"end":{"line":21,"column":1}},"line":8},"1":{"name":"(anonymous_1)","decl":{"start":{"line":20,"column":22},"end":{"line":20,"column":23}},"loc":{"start":{"line":20,"column":30},"end":{"line":20,"column":55}},"line":20},"2":{"name":"sortNumber","decl":{"start":{"line":24,"column":9},"end":{"line":24,"column":19}},"loc":{"start":{"line":24,"column":26},"end":{"line":26,"column":1}},"line":24},"3":{"name":"(anonymous_3)","decl":{"start":{"line":33,"column":26},"end":{"line":33,"column":27}},"loc":{"start":{"line":33,"column":35},"end":{"line":44,"column":1}},"line":33}},"branchMap":{"0":{"loc":{"start":{"line":9,"column":2},"end":{"line":9,"column":33}},"type":"if","locations":[{"start":{"line":9,"column":2},"end":{"line":9,"column":33}},{"start":{"line":9,"column":2},"end":{"line":9,"column":33}}],"line":9},"1":{"loc":{"start":{"line":34,"column":2},"end":{"line":34,"column":24}},"type":"if","locations":[{"start":{"line":34,"column":2},"end":{"line":34,"column":24}},{"start":{"line":34,"column":2},"end":{"line":34,"column":24}}],"line":34}},"s":{"0":1,"1":2,"2":1,"3":1,"4":1,"5":1,"6":1,"7":5,"8":1,"9":1,"10":5,"11":6,"12":1,"13":2,"14":1,"15":1,"16":1,"17":1,"18":1,"19":1},"f":{"0":2,"1":5,"2":6,"3":2},"b":{"0":[1,1],"1":[1,1]},"_coverageSchema":"43e27e138ebf9cfc5966b082cf9a028302ed4184","hash":"22e09917b0ffe99732a5b3a13a4e9fb78a0ebfb7"}
}
